=== Subtype Cohen's Kappa ===
kappa   = 0.883711
Po      = 0.898640
Pe      = 0.128383

Label counts (A):
A
Identifier error          165
Requirement mismatch      163
Ambiguous name            103
Unauthorized access        71
Incompatible               58
Syntax error               54
Misplaced config.          44
Missing                    43
Cross-comp. misconfig.     23
Duplicate option           21
Resource competing         19
Invalid name               16
Multi-config. error        15
Hardware limitation        14
Name: count, dtype: int64

Label counts (B):
B
Requirement mismatch      205
Identifier error          171
Unauthorized access        70
Incompatible               59
Syntax error               52
Ambiguous name             52
Misplaced config.          45
Missing                    44
Cross-comp. misconfig.     23
Duplicate option           21
Invalid name               16
Multi-config. error        16
Resource competing         16
Hardware limitation        14
Unsure                      4
unsure                      1
Name: count, dtype: int64

Confusion matrix:
                          B:Ambiguous name  ...  B:Unauthorized access
A:Ambiguous name                        51  ...                      0
A:Cross-comp. misconfig.                 0  ...                      0
A:Duplicate option                       0  ...                      0
A:Hardware limitation                    0  ...                      0
A:Identifier error                       0  ...                      0
A:Incompatible                           0  ...                      0
A:Invalid name                           0  ...                      0
A:Misplaced config.                      0  ...                      0
A:Missing                                0  ...                      0
A:Multi-config. error                    0  ...                      0
A:Requirement mismatch                   1  ...                      0
A:Resource competing                     0  ...                      0
A:Syntax error                           0  ...                      0
A:Unauthorized access                    0  ...                     70

[14 rows x 14 columns]
